<?xml version="1.0" encoding="UTF-8"?>
<!-- Generated by org.testng.reporters.JUnitXMLReporter -->
<testsuite hostname="DESKTOP-RNTJV4M" ignored="0" name="Shopping" tests="10" failures="0" timestamp="2020-02-12T12:01:06 EET" time="100.754" errors="0">
  <testcase name="poplar_Dresses" time="0.148" classname="TesTCases.CheapestPoplar"/>
  <testcase name="get_Less_Price" time="1.611" classname="TesTCases.CheapestPoplar"/>
  <testcase name="saller_Dresses" time="0.227" classname="TesTCases.ExpensiveSaller"/>
  <testcase name="get_Max_Price" time="1.197" classname="TesTCases.ExpensiveSaller"/>
  <testcase name="get_Discound_Price" time="50.024" classname="TesTCases.WomenDresses"/>
  <testcase name="women_Dresses_Displayed" time="2.435" classname="TesTCases.WomenDresses"/>
  <testcase name="move_to_Card" time="4.094" classname="TesTCases.Card"/>
  <testcase name="Register" time="38.306" classname="TesTCases.Card"/>
  <testcase name="Check" time="0.838" classname="TesTCases.Card"/>
  <testcase name="Confirm" time="1.846" classname="TesTCases.Card"/>
</testsuite> <!-- Shopping -->
