<?xml version="1.0" encoding="UTF-8"?>
<!-- Generated by org.testng.reporters.JUnitXMLReporter -->
<testsuite hostname="DESKTOP-RNTJV4M" ignored="0" name="Default test" tests="3" failures="0" timestamp="2020-02-12T21:39:01 EET" time="209.176" errors="0">
  <testcase name="feature" time="74.557" classname="cucumber.api.testng.AbstractTestNGCucumberTests"/>
  <testcase name="feature" time="57.094" classname="cucumber.api.testng.AbstractTestNGCucumberTests"/>
  <testcase name="feature" time="76.757" classname="cucumber.api.testng.AbstractTestNGCucumberTests"/>
</testsuite> <!-- Default test -->
